TN:
SF:C:\Users\Maia\Documents\escape-room\client\reducers\largetablet.js
FN:3,(anonymous_0)
FNF:1
FNH:1
FNDA:2,(anonymous_0)
DA:1,1
DA:4,2
DA:6,1
DA:9,1
LF:4
LH:4
BRDA:3,0,0,1
BRDA:4,1,0,1
BRDA:4,1,1,1
BRF:3
BRH:3
end_of_record
TN:
SF:C:\Users\Maia\Documents\escape-room\client\reducers\leaves.js
FN:3,(anonymous_0)
FNF:1
FNH:1
FNDA:2,(anonymous_0)
DA:1,1
DA:4,2
DA:6,1
DA:9,1
LF:4
LH:4
BRDA:3,0,0,1
BRDA:4,1,0,1
BRDA:4,1,1,1
BRF:3
BRH:3
end_of_record
TN:
SF:C:\Users\Maia\Documents\escape-room\client\reducers\smalltablet.js
FN:3,(anonymous_0)
FNF:1
FNH:1
FNDA:2,(anonymous_0)
DA:1,1
DA:4,2
DA:6,1
DA:9,1
LF:4
LH:4
BRDA:3,0,0,1
BRDA:4,1,0,1
BRDA:4,1,1,1
BRF:3
BRH:3
end_of_record
